Command line invocation:
    /Applications/Xcode.app/Contents/Developer/usr/bin/xcodebuild -scheme "Nice Traders" -configuration Debug

--- xcodebuild: WARNING: Using the first of multiple matching destinations:
{ platform:iOS, id:dvtdevice-DVTiPhonePlaceholder-iphoneos:placeholder, name:Any iOS Device }
{ platform:iOS Simulator, id:dvtdevice-DVTiOSDeviceSimulatorPlaceholder-iphonesimulator:placeholder, name:Any iOS Simulator Device }
{ platform:iOS Simulator, arch:arm64, id:C94D25CD-F365-4716-8FC4-307FC1452FE3, OS:26.1, name:iPad (A16) }
{ platform:iOS Simulator, arch:arm64, id:4833FF32-C280-4256-BB80-76E1CCA20C62, OS:26.1, name:iPad Air 11-inch (M3) }
{ platform:iOS Simulator, arch:arm64, id:502E62A2-4748-453B-9B67-18CB6DC289FE, OS:26.1, name:iPad Air 13-inch (M3) }
{ platform:iOS Simulator, arch:arm64, id:0EF47B18-0AD8-4BC4-A41C-750BC6824197, OS:26.1, name:iPad Pro 11-inch (M5) }
{ platform:iOS Simulator, arch:arm64, id:9DED877A-ED93-4C3A-AA95-5D4A832EAE29, OS:26.1, name:iPad Pro 13-inch (M5) }
{ platform:iOS Simulator, arch:arm64, id:483B8B0A-31FE-43CF-9809-EE905187420D, OS:26.1, name:iPad mini (A17 Pro) }
{ platform:iOS Simulator, arch:arm64, id:762907C7-3F20-4260-AFC9-285F2D00ABF1, OS:26.1, name:iPhone 16e }
{ platform:iOS Simulator, arch:arm64, id:62745585-AA02-436B-BC77-FF52DE32B48C, OS:26.1, name:iPhone 17 }
{ platform:iOS Simulator, arch:arm64, id:AF6C6588-A533-4804-AD78-1B37E08D1F08, OS:26.1, name:iPhone 17 Pro }
{ platform:iOS Simulator, arch:arm64, id:EE500DA0-868C-4CA9-B4A3-B225BC2D6926, OS:26.1, name:iPhone 17 Pro Max }
{ platform:iOS Simulator, arch:arm64, id:E3D2F593-0E6E-45AD-A09F-3303F76BF09F, OS:26.1, name:iPhone Air }
{ platform:iOS Simulator, arch:arm64, id:E32591B3-7951-4B80-A036-503AD0E9BC63, OS:26.1, name:steves phone }
{ platform:iOS, arch:arm64, id:00008120-001A7D502E0BC01E, name:Larry Nelson (2) }
{ platform:iOS, arch:arm64, id:00008020-000D50890E83002E, name:Nelson }
ComputePackagePrebuildTargetDependencyGraph

Prepare packages

CreateBuildRequest

SendProjectDescription

CreateBuildOperation

ComputeTargetDependencyGraph
note: Building targets in dependency order
note: Target dependency graph (1 target)
    Target 'Nice Traders' in project 'Nice Traders' (no dependencies)

GatherProvisioningInputs

CreateBuildDescription

ExecuteExternalTool /Applications/Xcode.app/Contents/Developer/Toolchains/XcodeDefault.xctoolchain/usr/bin/clang -v -E -dM -isysroot /Applications/Xcode.app/Contents/Developer/Platforms/iPhoneOS.platform/Developer/SDKs/iPhoneOS26.1.sdk -x c -c /dev/null

ExecuteExternalTool /Applications/Xcode.app/Contents/Developer/usr/bin/actool --print-asset-tag-combinations --output-format xml1 /Users/stevenelson/Documents/GitHub/NiceTradersApp/Client/IOS/Nice Traders/Nice Traders/Assets.xcassets

ExecuteExternalTool /Applications/Xcode.app/Contents/Developer/usr/bin/actool --version --output-format xml1

ExecuteExternalTool /Applications/Xcode.app/Contents/Developer/Toolchains/XcodeDefault.xctoolchain/usr/bin/swiftc --version

ExecuteExternalTool /Applications/Xcode.app/Contents/Developer/Toolchains/XcodeDefault.xctoolchain/usr/bin/ld -version_details

Build description signature: 7640ad24452701961db84f213724f60b
Build description path: /Users/stevenelson/Library/Developer/Xcode/DerivedData/Nice_Traders-dmabiliqqxoayxenpezpueogwbwx/Build/Intermediates.noindex/XCBuildData/7640ad24452701961db84f213724f60b.xcbuilddata
ClangStatCache /Applications/Xcode.app/Contents/Developer/Toolchains/XcodeDefault.xctoolchain/usr/bin/clang-stat-cache /Applications/Xcode.app/Contents/Developer/Platforms/iPhoneOS.platform/Developer/SDKs/iPhoneOS26.1.sdk /Users/stevenelson/Library/Developer/Xcode/DerivedData/SDKStatCaches.noindex/iphoneos26.1-23B77-69b33fc7382b27d9b5d46e82a00f8e78.sdkstatcache
    cd /Users/stevenelson/Documents/GitHub/NiceTradersApp/Client/IOS/Nice\ Traders/Nice\ Traders.xcodeproj
    /Applications/Xcode.app/Contents/Developer/Toolchains/XcodeDefault.xctoolchain/usr/bin/clang-stat-cache /Applications/Xcode.app/Contents/Developer/Platforms/iPhoneOS.platform/Developer/SDKs/iPhoneOS26.1.sdk -o /Users/stevenelson/Library/Developer/Xcode/DerivedData/SDKStatCaches.noindex/iphoneos26.1-23B77-69b33fc7382b27d9b5d46e82a00f8e78.sdkstatcache

ProcessProductPackaging /Users/stevenelson/Documents/GitHub/NiceTradersApp/Client/IOS/Nice\ Traders/Nice\ Traders/Nice\ Traders.entitlements /Users/stevenelson/Library/Developer/Xcode/DerivedData/Nice_Traders-dmabiliqqxoayxenpezpueogwbwx/Build/Intermediates.noindex/Nice\ Traders.build/Debug-iphoneos/Nice\ Traders.build/Nice\ Traders.app.xcent (in target 'Nice Traders' from project 'Nice Traders')
    cd /Users/stevenelson/Documents/GitHub/NiceTradersApp/Client/IOS/Nice\ Traders
    
    Entitlements:
    
    {
    "application-identifier" = "J7S264TV3T.NiceTraders.Nice-Traders";
    "aps-environment" = development;
    "com.apple.developer.team-identifier" = J7S264TV3T;
    "get-task-allow" = 1;
}
    
    builtin-productPackagingUtility /Users/stevenelson/Documents/GitHub/NiceTradersApp/Client/IOS/Nice\ Traders/Nice\ Traders/Nice\ Traders.entitlements -entitlements -format xml -o /Users/stevenelson/Library/Developer/Xcode/DerivedData/Nice_Traders-dmabiliqqxoayxenpezpueogwbwx/Build/Intermediates.noindex/Nice\ Traders.build/Debug-iphoneos/Nice\ Traders.build/Nice\ Traders.app.xcent

ProcessProductPackagingDER /Users/stevenelson/Library/Developer/Xcode/DerivedData/Nice_Traders-dmabiliqqxoayxenpezpueogwbwx/Build/Intermediates.noindex/Nice\ Traders.build/Debug-iphoneos/Nice\ Traders.build/Nice\ Traders.app.xcent /Users/stevenelson/Library/Developer/Xcode/DerivedData/Nice_Traders-dmabiliqqxoayxenpezpueogwbwx/Build/Intermediates.noindex/Nice\ Traders.build/Debug-iphoneos/Nice\ Traders.build/Nice\ Traders.app.xcent.der (in target 'Nice Traders' from project 'Nice Traders')
    cd /Users/stevenelson/Documents/GitHub/NiceTradersApp/Client/IOS/Nice\ Traders
    /usr/bin/derq query -f xml -i /Users/stevenelson/Library/Developer/Xcode/DerivedData/Nice_Traders-dmabiliqqxoayxenpezpueogwbwx/Build/Intermediates.noindex/Nice\ Traders.build/Debug-iphoneos/Nice\ Traders.build/Nice\ Traders.app.xcent -o /Users/stevenelson/Library/Developer/Xcode/DerivedData/Nice_Traders-dmabiliqqxoayxenpezpueogwbwx/Build/Intermediates.noindex/Nice\ Traders.build/Debug-iphoneos/Nice\ Traders.build/Nice\ Traders.app.xcent.der --raw

CompileAssetCatalogVariant thinned /Users/stevenelson/Library/Developer/Xcode/DerivedData/Nice_Traders-dmabiliqqxoayxenpezpueogwbwx/Build/Products/Debug-iphoneos/Nice\ Traders.app /Users/stevenelson/Documents/GitHub/NiceTradersApp/Client/IOS/Nice\ Traders/Nice\ Traders/Assets.xcassets (in target 'Nice Traders' from project 'Nice Traders')
    cd /Users/stevenelson/Documents/GitHub/NiceTradersApp/Client/IOS/Nice\ Traders
    /Applications/Xcode.app/Contents/Developer/usr/bin/actool /Users/stevenelson/Documents/GitHub/NiceTradersApp/Client/IOS/Nice\ Traders/Nice\ Traders/Assets.xcassets --compile /Users/stevenelson/Library/Developer/Xcode/DerivedData/Nice_Traders-dmabiliqqxoayxenpezpueogwbwx/Build/Intermediates.noindex/Nice\ Traders.build/Debug-iphoneos/Nice\ Traders.build/assetcatalog_output/thinned --output-format human-readable-text --notices --warnings --export-dependency-info /Users/stevenelson/Library/Developer/Xcode/DerivedData/Nice_Traders-dmabiliqqxoayxenpezpueogwbwx/Build/Intermediates.noindex/Nice\ Traders.build/Debug-iphoneos/Nice\ Traders.build/assetcatalog_dependencies_thinned --output-partial-info-plist /Users/stevenelson/Library/Developer/Xcode/DerivedData/Nice_Traders-dmabiliqqxoayxenpezpueogwbwx/Build/Intermediates.noindex/Nice\ Traders.build/Debug-iphoneos/Nice\ Traders.build/assetcatalog_generated_info.plist_thinned --app-icon AppIcon --accent-color AccentColor --compress-pngs --enable-on-demand-resources YES --development-region en --target-device iphone --minimum-deployment-target 17.4 --platform iphoneos
/Users/stevenelson/Documents/GitHub/NiceTradersApp/Client/IOS/Nice Traders/Nice Traders/ContentView.swift:309:1: error: extraneous '}' at top level
}
^

SwiftDriver Nice\ Traders normal arm64 com.apple.xcode.tools.swift.compiler (in target 'Nice Traders' from project 'Nice Traders')
    cd /Users/stevenelson/Documents/GitHub/NiceTradersApp/Client/IOS/Nice\ Traders
    builtin-SwiftDriver -- /Applications/Xcode.app/Contents/Developer/Toolchains/XcodeDefault.xctoolchain/usr/bin/swiftc -module-name Nice_Traders -Onone -enforce-exclusivity\=checked @/Users/stevenelson/Library/Developer/Xcode/DerivedData/Nice_Traders-dmabiliqqxoayxenpezpueogwbwx/Build/Intermediates.noindex/Nice\ Traders.build/Debug-iphoneos/Nice\ Traders.build/Objects-normal/arm64/Nice\ Traders.SwiftFileList -DDEBUG -default-isolation\=MainActor -enable-bare-slash-regex -enable-upcoming-feature DisableOutwardActorInference -enable-upcoming-feature InferSendableFromCaptures -enable-upcoming-feature GlobalActorIsolatedTypesUsability -enable-upcoming-feature MemberImportVisibility -enable-upcoming-feature InferIsolatedConformances -enable-upcoming-feature NonisolatedNonsendingByDefault -enable-experimental-feature DebugDescriptionMacro -sdk /Applications/Xcode.app/Contents/Developer/Platforms/iPhoneOS.platform/Developer/SDKs/iPhoneOS26.1.sdk -target arm64-apple-ios17.4 -g -module-cache-path /Users/stevenelson/Library/Developer/Xcode/DerivedData/ModuleCache.noindex -Xfrontend -serialize-debugging-options -profile-coverage-mapping -profile-generate -enable-testing -index-store-path /Users/stevenelson/Library/Developer/Xcode/DerivedData/Nice_Traders-dmabiliqqxoayxenpezpueogwbwx/Index.noindex/DataStore -Xcc -D_LIBCPP_HARDENING_MODE\=_LIBCPP_HARDENING_MODE_DEBUG -swift-version 5 -I /Users/stevenelson/Library/Developer/Xcode/DerivedData/Nice_Traders-dmabiliqqxoayxenpezpueogwbwx/Build/Products/Debug-iphoneos -F /Users/stevenelson/Library/Developer/Xcode/DerivedData/Nice_Traders-dmabiliqqxoayxenpezpueogwbwx/Build/Products/Debug-iphoneos -emit-localized-strings -emit-localized-strings-path /Users/stevenelson/Library/Developer/Xcode/DerivedData/Nice_Traders-dmabiliqqxoayxenpezpueogwbwx/Build/Intermediates.noindex/Nice\ Traders.build/Debug-iphoneos/Nice\ Traders.build/Objects-normal/arm64 -c -j8 -enable-batch-mode -incremental -Xcc -ivfsstatcache -Xcc /Users/stevenelson/Library/Developer/Xcode/DerivedData/SDKStatCaches.noindex/iphoneos26.1-23B77-69b33fc7382b27d9b5d46e82a00f8e78.sdkstatcache -output-file-map /Users/stevenelson/Library/Developer/Xcode/DerivedData/Nice_Traders-dmabiliqqxoayxenpezpueogwbwx/Build/Intermediates.noindex/Nice\ Traders.build/Debug-iphoneos/Nice\ Traders.build/Objects-normal/arm64/Nice\ Traders-OutputFileMap.json -use-frontend-parseable-output -save-temps -no-color-diagnostics -explicit-module-build -module-cache-path /Users/stevenelson/Library/Developer/Xcode/DerivedData/Nice_Traders-dmabiliqqxoayxenpezpueogwbwx/Build/Intermediates.noindex/SwiftExplicitPrecompiledModules -clang-scanner-module-cache-path /Users/stevenelson/Library/Developer/Xcode/DerivedData/ModuleCache.noindex -sdk-module-cache-path /Users/stevenelson/Library/Developer/Xcode/DerivedData/ModuleCache.noindex -serialize-diagnostics -emit-dependencies -emit-module -emit-module-path /Users/stevenelson/Library/Developer/Xcode/DerivedData/Nice_Traders-dmabiliqqxoayxenpezpueogwbwx/Build/Intermediates.noindex/Nice\ Traders.build/Debug-iphoneos/Nice\ Traders.build/Objects-normal/arm64/Nice_Traders.swiftmodule -validate-clang-modules-once -clang-build-session-file /Users/stevenelson/Library/Developer/Xcode/DerivedData/ModuleCache.noindex/Session.modulevalidation -Xcc -I/Users/stevenelson/Library/Developer/Xcode/DerivedData/Nice_Traders-dmabiliqqxoayxenpezpueogwbwx/Build/Intermediates.noindex/Nice\ Traders.build/Debug-iphoneos/Nice\ Traders.build/swift-overrides.hmap -emit-const-values -Xfrontend -const-gather-protocols-file -Xfrontend /Users/stevenelson/Library/Developer/Xcode/DerivedData/Nice_Traders-dmabiliqqxoayxenpezpueogwbwx/Build/Intermediates.noindex/Nice\ Traders.build/Debug-iphoneos/Nice\ Traders.build/Objects-normal/arm64/Nice\ Traders_const_extract_protocols.json -Xcc -iquote -Xcc /Users/stevenelson/Library/Developer/Xcode/DerivedData/Nice_Traders-dmabiliqqxoayxenpezpueogwbwx/Build/Intermediates.noindex/Nice\ Traders.build/Debug-iphoneos/Nice\ Traders.build/Nice\ Traders-generated-files.hmap -Xcc -I/Users/stevenelson/Library/Developer/Xcode/DerivedData/Nice_Traders-dmabiliqqxoayxenpezpueogwbwx/Build/Intermediates.noindex/Nice\ Traders.build/Debug-iphoneos/Nice\ Traders.build/Nice\ Traders-own-target-headers.hmap -Xcc -I/Users/stevenelson/Library/Developer/Xcode/DerivedData/Nice_Traders-dmabiliqqxoayxenpezpueogwbwx/Build/Intermediates.noindex/Nice\ Traders.build/Debug-iphoneos/Nice\ Traders.build/Nice\ Traders-all-target-headers.hmap -Xcc -iquote -Xcc /Users/stevenelson/Library/Developer/Xcode/DerivedData/Nice_Traders-dmabiliqqxoayxenpezpueogwbwx/Build/Intermediates.noindex/Nice\ Traders.build/Debug-iphoneos/Nice\ Traders.build/Nice\ Traders-project-headers.hmap -Xcc -I/Users/stevenelson/Library/Developer/Xcode/DerivedData/Nice_Traders-dmabiliqqxoayxenpezpueogwbwx/Build/Products/Debug-iphoneos/include -Xcc -I/Users/stevenelson/Library/Developer/Xcode/DerivedData/Nice_Traders-dmabiliqqxoayxenpezpueogwbwx/Build/Intermediates.noindex/Nice\ Traders.build/Debug-iphoneos/Nice\ Traders.build/DerivedSources-normal/arm64 -Xcc -I/Users/stevenelson/Library/Developer/Xcode/DerivedData/Nice_Traders-dmabiliqqxoayxenpezpueogwbwx/Build/Intermediates.noindex/Nice\ Traders.build/Debug-iphoneos/Nice\ Traders.build/DerivedSources/arm64 -Xcc -I/Users/stevenelson/Library/Developer/Xcode/DerivedData/Nice_Traders-dmabiliqqxoayxenpezpueogwbwx/Build/Intermediates.noindex/Nice\ Traders.build/Debug-iphoneos/Nice\ Traders.build/DerivedSources -Xcc -DDEBUG\=1 -emit-objc-header -emit-objc-header-path /Users/stevenelson/Library/Developer/Xcode/DerivedData/Nice_Traders-dmabiliqqxoayxenpezpueogwbwx/Build/Intermediates.noindex/Nice\ Traders.build/Debug-iphoneos/Nice\ Traders.build/Objects-normal/arm64/Nice_Traders-Swift.h -working-directory /Users/stevenelson/Documents/GitHub/NiceTradersApp/Client/IOS/Nice\ Traders -experimental-emit-module-separately -disable-cmo
/Users/stevenelson/Documents/GitHub/NiceTradersApp/Client/IOS/Nice Traders/Nice Traders/ContentView.swift:309:1: error: Extraneous '}' at top level
}
^ (in target 'Nice Traders' from project 'Nice Traders')

** BUILD FAILED **


The following build commands failed:
	SwiftDriver Nice\ Traders normal arm64 com.apple.xcode.tools.swift.compiler (in target 'Nice Traders' from project 'Nice Traders')
	Building project Nice Traders with scheme Nice Traders and configuration Debug
(2 failures)
